<?xml version="1.0" encoding="UTF-8"?>
<!-- Generated by org.testng.reporters.JUnitReportReporter -->
<testsuite skipped="0" hostname="ip-172-31-86-107" name="restAPIBDD.PutRequest" tests="1" failures="0" timestamp="03 Dec 2021 04:08:30 GMT" time="1.390" errors="0">
  <testcase name="Putcall" time="1.390" classname="restAPIBDD.PutRequest"/>
</testsuite> <!-- restAPIBDD.PutRequest -->
