<?xml version="1.0" encoding="UTF-8"?>
<!-- Generated by org.testng.reporters.JUnitReportReporter -->
<testsuite skipped="0" hostname="ip-172-31-86-107" name="restAPI.GetRequestWithPara" tests="1" failures="0" timestamp="02 Dec 2021 04:35:25 GMT" time="2.082" errors="0">
  <testcase name="GetCall" time="2.082" classname="restAPI.GetRequestWithPara"/>
</testsuite> <!-- restAPI.GetRequestWithPara -->
