<?xml version="1.0" encoding="UTF-8"?>
<!-- Generated by org.testng.reporters.JUnitReportReporter -->
<testsuite skipped="0" hostname="ip-172-31-86-107" name="restAPIBDD.GetRequest" tests="1" failures="0" timestamp="03 Dec 2021 03:47:49 GMT" time="1.778" errors="0">
  <testcase name="GetCall" time="1.778" classname="restAPIBDD.GetRequest"/>
</testsuite> <!-- restAPIBDD.GetRequest -->
