<?xml version="1.0" encoding="UTF-8"?>
<!-- Generated by org.testng.reporters.JUnitReportReporter -->
<testsuite skipped="0" hostname="ip-172-31-86-107" name="restAPIBDD.DeleteRequest" tests="1" failures="0" timestamp="03 Dec 2021 04:14:13 GMT" time="1.099" errors="0">
  <testcase name="DeleteCall" time="1.099" classname="restAPIBDD.DeleteRequest"/>
</testsuite> <!-- restAPIBDD.DeleteRequest -->
