<?xml version="1.0" encoding="UTF-8"?>
<!-- Generated by org.testng.reporters.JUnitReportReporter -->
<testsuite skipped="0" hostname="ip-172-31-86-107" name="restAPIBDD.PostRequest" tests="1" failures="0" timestamp="03 Dec 2021 04:04:06 GMT" time="1.275" errors="0">
  <testcase name="postcall" time="1.275" classname="restAPIBDD.PostRequest"/>
</testsuite> <!-- restAPIBDD.PostRequest -->
