<?xml version="1.0" encoding="UTF-8"?>
<!-- Generated by org.testng.reporters.JUnitReportReporter -->
<testsuite skipped="0" hostname="ip-172-31-86-107" name="oAuth.oAuthRequest" tests="1" failures="0" timestamp="03 Dec 2021 04:27:02 GMT" time="2.098" errors="0">
  <testcase name="PostCall" time="2.098" classname="oAuth.oAuthRequest"/>
</testsuite> <!-- oAuth.oAuthRequest -->
