<?xml version="1.0" encoding="UTF-8"?>
<!-- Generated by org.testng.reporters.JUnitReportReporter -->
<testsuite skipped="0" hostname="ip-172-31-86-107" name="restAPI.PostCallWithJSONFile" tests="1" failures="0" timestamp="02 Dec 2021 05:02:33 GMT" time="1.766" errors="0">
  <testcase name="PostCall" time="1.766" classname="restAPI.PostCallWithJSONFile"/>
</testsuite> <!-- restAPI.PostCallWithJSONFile -->
