<?xml version="1.0" encoding="UTF-8"?>
<!-- Generated by org.testng.reporters.JUnitReportReporter -->
<testsuite skipped="0" hostname="ip-172-31-86-107" name="restAPIChaining.EndToEndTest" tests="1" failures="0" timestamp="02 Dec 2021 07:04:11 GMT" time="1.826" errors="0">
  <testcase name="test1" time="1.826" classname="restAPIChaining.EndToEndTest"/>
</testsuite> <!-- restAPIChaining.EndToEndTest -->
